CCS PCH C Compiler, Version 4.104, 5967               24-mars-20 11:50

               Filename: C:\Users\Jules\Documents\Archi\M2101-Archi\Projet-Portail\main.lst

               ROM used: 668 bytes (2%)
                         Largest free fragment is 32096
               RAM used: 26 (2%) at main() level
                         35 (2%) worst case
               Stack:    5 worst case (2 in main + 3 for interrupts)

*
0000:  GOTO   0212
*
0008:  MOVWF  04
000A:  MOVFF  FD8,05
000E:  MOVFF  FE0,06
0012:  MOVLB  0
0014:  MOVFF  FE9,0C
0018:  MOVFF  FEA,07
001C:  MOVFF  FE1,08
0020:  MOVFF  FE2,09
0024:  MOVFF  FD9,0A
0028:  MOVFF  FDA,0B
002C:  MOVFF  FF3,12
0030:  MOVFF  FF4,13
0034:  MOVFF  FFA,14
0038:  MOVFF  00,0E
003C:  MOVFF  01,0F
0040:  MOVFF  02,10
0044:  MOVFF  03,11
0048:  BTFSS  F9D.0
004A:  GOTO   0054
004E:  BTFSC  F9E.0
0050:  GOTO   0190
0054:  MOVFF  0E,00
0058:  MOVFF  0F,01
005C:  MOVFF  10,02
0060:  MOVFF  11,03
0064:  MOVFF  0C,FE9
0068:  MOVFF  07,FEA
006C:  BSF    07.7
006E:  MOVFF  08,FE1
0072:  MOVFF  09,FE2
0076:  MOVFF  0A,FD9
007A:  MOVFF  0B,FDA
007E:  MOVFF  12,FF3
0082:  MOVFF  13,FF4
0086:  MOVFF  14,FFA
008A:  MOVF   04,W
008C:  MOVFF  06,FE0
0090:  MOVFF  05,FD8
0094:  RETFIE 0
.................... #include "C:\Users\Jules\Documents\Archi\M2101-Archi\Projet-Portail\main.h" 
.................... #include <F:\PICC\Devices\18F452.h> 
.................... //////// Standard Header file for the PIC18F452 device //////////////// 
.................... #device PIC18F452 
.................... #list 
....................  
.................... #device adc=8 
....................  
.................... #FUSES NOWDT                    //No Watch Dog Timer 
.................... #FUSES WDT128                   //Watch Dog Timer uses 1:128 Postscale 
.................... #FUSES HS                       //High speed Osc (> 4mhz for PCM/PCH) (>10mhz for PCD) 
.................... #FUSES NOPROTECT                //Code not protected from reading 
.................... #FUSES NOOSCSEN                 //Oscillator switching is disabled, main oscillator is source 
.................... #FUSES NOBROWNOUT               //No brownout reset 
.................... #FUSES BORV20                   //Brownout reset at 2.0V 
.................... #FUSES NOPUT                    //No Power Up Timer 
.................... #FUSES STVREN                   //Stack full/underflow will cause reset 
.................... #FUSES NODEBUG                  //No Debug mode for ICD 
.................... #FUSES NOLVP                    //No low voltage prgming, B3(PIC16) or B5(PIC18) used for I/O 
.................... #FUSES NOWRT                    //Program memory not write protected 
.................... #FUSES NOWRTD                   //Data EEPROM not write protected 
.................... #FUSES NOWRTB                   //Boot block not write protected 
.................... #FUSES NOWRTC                   //configuration not registers write protected 
.................... #FUSES NOCPD                    //No EE protection 
.................... #FUSES NOCPB                    //No Boot Block code protection 
.................... #FUSES NOEBTR                   //Memory not protected from table reads 
.................... #FUSES NOEBTRB                  //Boot block not protected from table reads 
....................  
.................... #use delay(clock=20000000) 
.................... #use rs232(baud=9600,parity=N,xmit=PIN_C6,rcv=PIN_C7,bits=8) 
....................  
....................  
....................  
.................... // RFIDs 
.................... #define rfid_in input(pin_b0) 
.................... #define rfid_out input(pin_b1) 
....................  
.................... // Moteur 
.................... #define motor_clockwise pin_d0 
.................... #define motor_counter_clockwise pin_d1 
....................  
.................... // Capteurs 
.................... #define is_open  input(pin_b6) 
.................... #define is_close input(pin_b7) 
.................... #define infrared input(pin_b3) 
.................... #define car_detected input(pin_b2) 
....................  
.................... //Constante 
.................... unsigned int8 OPENING_TIME = 20; 
....................  
.................... // Variables 
.................... char rfid_state=0; 
.................... signed int8 tenth=0, open_timer=-1; 
....................  
.................... #int_TIMER1 
.................... void  TIMER1_isr(void)  
.................... { 
....................    set_timer1(3036);// Tout les dixèmes 
0190:  MOVLW  0B
0192:  MOVWF  FCF
0194:  MOVLW  DC
0196:  MOVWF  FCE
....................    tenth++; 
0198:  INCF   18,F
....................    if(tenth==10){// Toute les secondes 
019A:  MOVF   18,W
019C:  SUBLW  0A
019E:  BNZ   01D0
....................       tenth=0; 
01A0:  CLRF   18
....................       if(open_timer>0){ 
01A2:  BTFSC  19.7
01A4:  BRA    01D0
01A6:  MOVF   19,W
01A8:  SUBLW  00
01AA:  BC    01D0
....................          open_timer--; 
01AC:  DECF   19,F
....................          printf("%d \r\n",open_timer); 
01AE:  MOVFF  19,1A
01B2:  MOVLW  1F
01B4:  MOVWF  1B
01B6:  BRA    00BE
01B8:  MOVLW  20
01BA:  BTFSS  F9E.4
01BC:  BRA    01BA
01BE:  MOVWF  FAD
01C0:  MOVLW  0D
01C2:  BTFSS  F9E.4
01C4:  BRA    01C2
01C6:  MOVWF  FAD
01C8:  MOVLW  0A
01CA:  BTFSS  F9E.4
01CC:  BRA    01CA
01CE:  MOVWF  FAD
....................       } 
....................    } 
.................... } 
....................  
01D0:  BCF    F9E.0
01D2:  GOTO   0054
.................... void open(){ 
....................    while(is_open){ 
01D6:  BSF    F93.6
01D8:  BTFSS  F81.6
01DA:  BRA    01E2
....................       output_low(motor_clockwise); 
01DC:  BCF    F95.0
01DE:  BCF    F8C.0
....................    } 
01E0:  BRA    01D6
....................    output_high(motor_clockwise); 
01E2:  BCF    F95.0
01E4:  BSF    F8C.0
....................    //open_timer=OPENING_TIME; 
....................    open_timer=5; 
01E6:  MOVLW  05
01E8:  MOVWF  19
.................... } 
01EA:  RETLW  00
....................  
.................... void close(){ 
....................    while(is_close && !infrared){ 
01EC:  BSF    F93.7
01EE:  BTFSS  F81.7
01F0:  BRA    01FE
01F2:  BSF    F93.3
01F4:  BTFSC  F81.3
01F6:  BRA    01FE
....................       output_low(motor_counter_clockwise); 
01F8:  BCF    F95.1
01FA:  BCF    F8C.1
....................    } 
01FC:  BRA    01EC
....................    output_high(motor_counter_clockwise); 
01FE:  BCF    F95.1
0200:  BSF    F8C.1
....................    open_timer=-1; 
0202:  MOVLW  FF
0204:  MOVWF  19
....................    if(infrared){ 
0206:  BSF    F93.3
0208:  BTFSS  F81.3
020A:  BRA    020E
....................       open(); 
020C:  RCALL  01D6
....................    } 
.................... } 
020E:  GOTO   029A (RETURN)
....................  
.................... void main() 
.................... { 
0212:  CLRF   FF8
0214:  BCF    FD0.7
0216:  BSF    07.7
0218:  CLRF   FEA
021A:  CLRF   FE9
021C:  MOVLW  81
021E:  MOVWF  FAF
0220:  MOVLW  A6
0222:  MOVWF  FAC
0224:  MOVLW  90
0226:  MOVWF  FAB
0228:  MOVLW  14
022A:  MOVWF  16
022C:  CLRF   17
022E:  CLRF   18
0230:  MOVLW  FF
0232:  MOVWF  19
0234:  BSF    FC1.0
0236:  BSF    FC1.1
0238:  BSF    FC1.2
023A:  BCF    FC1.3
....................    setup_adc_ports(NO_ANALOGS); 
023C:  BSF    FC1.0
023E:  BSF    FC1.1
0240:  BSF    FC1.2
0242:  BCF    FC1.3
....................    setup_adc(ADC_CLOCK_DIV_2); 
0244:  BCF    FC1.6
0246:  BCF    FC2.6
0248:  BCF    FC2.7
024A:  BCF    FC1.7
024C:  BSF    FC2.0
....................    setup_psp(PSP_DISABLED); 
024E:  BCF    F96.4
....................    setup_spi(SPI_SS_DISABLED); 
0250:  BCF    FC6.5
0252:  BCF    F94.5
0254:  BSF    F94.4
0256:  BCF    F94.3
0258:  MOVLW  01
025A:  MOVWF  FC6
025C:  MOVLW  00
025E:  MOVWF  FC7
....................    setup_wdt(WDT_OFF); 
0260:  BCF    FD1.0
....................    setup_timer_0(RTCC_INTERNAL); 
0262:  MOVLW  80
0264:  MOVWF  FD5
....................    setup_timer_1(T1_INTERNAL|T1_DIV_BY_8); 
0266:  MOVLW  B5
0268:  MOVWF  FCD
....................    setup_timer_2(T2_DISABLED,0,1); 
026A:  MOVLW  00
026C:  MOVWF  FCA
026E:  MOVLW  00
0270:  MOVWF  FCB
....................    enable_interrupts(INT_TIMER1); 
0272:  BSF    F9D.0
....................    enable_interrupts(GLOBAL); 
0274:  MOVLW  C0
0276:  IORWF  FF2,F
.................... //Setup_Oscillator parameter not selected from Intr Oscillator Config tab 
....................  
....................    while(true){ 
....................       if((rfid_in||rfid_out||car_detected)&&!(rfid_state)){ 
0278:  BSF    F93.0
027A:  BTFSC  F81.0
027C:  BRA    028A
027E:  BSF    F93.1
0280:  BTFSC  F81.1
0282:  BRA    028A
0284:  BSF    F93.2
0286:  BTFSS  F81.2
0288:  BRA    0294
028A:  MOVF   17,F
028C:  BNZ   0294
....................          rfid_state=1; 
028E:  MOVLW  01
0290:  MOVWF  17
....................          open(); 
0292:  RCALL  01D6
....................       } 
....................       if(open_timer==0){ 
0294:  MOVF   19,F
0296:  BNZ   029C
....................          close(); 
0298:  BRA    01EC
....................          rfid_state=0; 
029A:  CLRF   17
....................       } 
....................    } 
029C:  BRA    0278
.................... } 
029E:  SLEEP 

Configuration Fuses:
   Word  1: 2200   HS NOOSCSEN
   Word  2: 0E0D   NOBROWNOUT WDT128 NOWDT BORV20 NOPUT
   Word  3: 0100   CCP2C1
   Word  4: 0081   STVREN NODEBUG NOLVP
   Word  5: C00F   NOPROTECT NOCPD NOCPB
   Word  6: E00F   NOWRT NOWRTD NOWRTB NOWRTC
   Word  7: 400F   NOEBTR NOEBTRB
