
ROM used: 1760 (5%)
          1760 (5%) including unused fragments

          3 Average locations per line
          10 Average locations per statement

RAM used: 31 (2%) at main() level
          37 (2%) worst case

Stack used: 3 worst case (out of 31 total available)

Lines Stmts  %   Files
----- ----- ---  -----
  248   174 100  main.c
   27     0   0  main.h
  354     0   0  F:\PICC\Devices\18F452.h
----- -----
  629   174 Total

Page ROM  %  RAM   Vol Diff  Functions:
---- --- --- ---   --- ----  ----------
0     14   0   0    50  1.5  alarm_ext_setup
0     36   1   0   190  2.3  general_reset
0     60   2   0   226  4.0  TIMER1_isr
0    572  16   1  2611  5.4  EXT_isr
0     74   2   2             @MUL88
0     16   0   0             @const105
0     32   1   3             @PSTRINGCN_9600_31766_31767
0     32   1   0             @const108
0     16   0   0             @const109
0     16   0   0  2229  6.8  @const110
0    594  17   0  2229  6.8  MAIN
0     22   1   0             @const113
0     22   1   0             @const114
0     24   1   0             @const115
0     24   1   0             @const116
0     24   1   0             @const117
0     24   1   0             @const118

Program metrics:
    Functions               6
    Statements              174
    Comments                108
    Volume (V)              9746
    Difficilty (D)          27.0
    Effort to implement (E) 262768
    Time to implement (T)   4 hours, 3 minutes
    Est Delivered Bugs (B)  1
    Cyclomatic Complexity   51
    Maintainability (MI)    90

 Segment     Used  Free
-----------  ----  ----
00000-00002     4  0  
00004-00006     0  4  
00008-000A0   154  0  
000A2-07FFE  1602  31004  



